<?xml version="1.0" encoding="UTF-8"?>
<!-- Generated by org.testng.reporters.JUnitReportReporter -->
<testsuite hostname="LAPTOP-0B5377BE" failures="0" tests="4" name="org.automation.tests.LoginoutTest" time="8.195" errors="0" timestamp="2025-02-06T01:28:15 IST" skipped="0">
  <testcase classname="org.automation.tests.LoginoutTest" name="testLogout" time="1.233"/>
  <testcase classname="org.automation.tests.LoginoutTest" name="testLogout" time="1.231"/>
  <testcase classname="org.automation.tests.LoginoutTest" name="testLogin" time="2.806"/>
  <testcase classname="org.automation.tests.LoginoutTest" name="testLogin" time="2.925"/>
</testsuite> <!-- org.automation.tests.LoginoutTest -->
