<?xml version="1.0" encoding="UTF-8"?>
<!-- Generated by org.testng.reporters.JUnitReportReporter -->
<testsuite hostname="LAPTOP-0B5377BE" failures="0" tests="1" name="org.automation.AutomationTest" time="31.977" errors="0" timestamp="2025-02-02T19:20:21 IST" skipped="0">
  <testcase classname="org.automation.AutomationTest" name="testSignup" time="31.977"/>
</testsuite> <!-- org.automation.AutomationTest -->
