<?xml version="1.0" encoding="UTF-8"?>
<!-- Generated by org.testng.reporters.JUnitReportReporter -->
<testsuite hostname="LAPTOP-0B5377BE" failures="0" tests="1" name="org.automation.tests.AutomationTest" time="11.339" errors="0" timestamp="2025-02-03T08:30:02 IST" skipped="0">
  <testcase classname="org.automation.tests.AutomationTest" name="testSignup" time="11.339"/>
</testsuite> <!-- org.automation.tests.AutomationTest -->
