<?xml version="1.0" encoding="UTF-8"?>
<!-- Generated by org.testng.reporters.JUnitReportReporter -->
<testsuite hostname="LAPTOP-0B5377BE" failures="0" tests="1" name="org.automation.tests.SignupTest" time="19.804" errors="0" timestamp="2025-02-04T08:56:44 IST" skipped="0">
  <testcase classname="org.automation.tests.SignupTest" name="testSignup" time="19.804"/>
</testsuite> <!-- org.automation.tests.SignupTest -->
