<?xml version="1.0" encoding="UTF-8"?>
<!-- Generated by org.testng.reporters.JUnitReportReporter -->
<testsuite hostname="LAPTOP-0B5377BE" failures="0" tests="4" name="org.automation.tests.LoginoutTest" time="7.372" errors="0" timestamp="2025-02-06T01:04:33 IST" skipped="0">
  <testcase classname="org.automation.tests.LoginoutTest" name="testLogout" time="1.239"/>
  <testcase classname="org.automation.tests.LoginoutTest" name="testLogout" time="0.547"/>
  <testcase classname="org.automation.tests.LoginoutTest" name="testLogin" time="2.518"/>
  <testcase classname="org.automation.tests.LoginoutTest" name="testLogin" time="3.068"/>
</testsuite> <!-- org.automation.tests.LoginoutTest -->
